nohup: ignoring input
(node:15971) DeprecationWarning: current URL string parser is deprecated, and will be removed in a future version. To use the new parser, pass option { useNewUrlParser: true } to MongoClient.connect.
[0mGET / [36m304 [0m5.675 ms - -[0m
[0mGET /javascripts/app.js [36m304 [0m1.959 ms - -[0m
[0mGET /stylesheets/style.css [36m304 [0m2.114 ms - -[0m
[0mGET /cardDirective.html [36m304 [0m0.813 ms - -[0m
[0mGET /images.json [36m304 [0m0.186 ms - -[0m
Fri, 16 Nov 2018 20:59:22 GMT express deprecated req.param(name): Use req.params, req.body, or req.query instead at routes/index.js:43:40
[]
[0mGET /getcharacter?name= [32m200 [0m24.711 ms - 2[0m
[0mGET /characters [32m200 [0m36.244 ms - 156[0m
[0mGET /images/012-devil.png [36m304 [0m0.342 ms - -[0m
[0mGET /favicon.ico [32m200 [0m2.528 ms - 1150[0m
[0mGET / [36m304 [0m0.841 ms - -[0m
[0mGET /stylesheets/style.css [36m304 [0m0.252 ms - -[0m
[0mGET /javascripts/app.js [36m304 [0m0.670 ms - -[0m
[0mGET /cardDirective.html [36m304 [0m0.316 ms - -[0m
[0mGET /images.json [36m304 [0m0.232 ms - -[0m
[]
[0mGET /getcharacter?name= [36m304 [0m3.073 ms - -[0m
[0mGET /characters [36m304 [0m4.123 ms - -[0m
[0mGET /images/012-devil.png [36m304 [0m0.270 ms - -[0m
[0mGET /favicon.ico [32m200 [0m1.567 ms - 1150[0m
[0mGET /character?name=Dev [32m200 [0m1.625 ms - 1660[0m
[0mGET /javascripts/app.js [36m304 [0m0.301 ms - -[0m
[0mGET /stylesheets/style.css [36m304 [0m0.232 ms - -[0m
[0mGET /images/%7B%7Bcharacter.characterImage%7D%7D [31m500 [0m264.826 ms - 2064[0m
Error: Failed to lookup view "error" in views directory "/var/www/html/RPG-Character-Creator/views"
    at EventEmitter.render (/var/www/html/RPG-Character-Creator/node_modules/express/lib/application.js:580:17)
    at ServerResponse.render (/var/www/html/RPG-Character-Creator/node_modules/express/lib/response.js:1008:7)
    at /var/www/html/RPG-Character-Creator/app.js:55:9
    at Layer.handle_error (/var/www/html/RPG-Character-Creator/node_modules/express/lib/router/layer.js:71:5)
    at trim_prefix (/var/www/html/RPG-Character-Creator/node_modules/express/lib/router/index.js:315:13)
    at /var/www/html/RPG-Character-Creator/node_modules/express/lib/router/index.js:284:7
    at Function.process_params (/var/www/html/RPG-Character-Creator/node_modules/express/lib/router/index.js:335:12)
    at IncomingMessage.next (/var/www/html/RPG-Character-Creator/node_modules/express/lib/router/index.js:275:10)
    at done (/var/www/html/RPG-Character-Creator/node_modules/express/lib/response.js:1003:25)
    at EventEmitter.render (/var/www/html/RPG-Character-Creator/node_modules/express/lib/application.js:582:14)
    at ServerResponse.render (/var/www/html/RPG-Character-Creator/node_modules/express/lib/response.js:1008:7)
    at /var/www/html/RPG-Character-Creator/app.js:44:13
    at Layer.handle_error (/var/www/html/RPG-Character-Creator/node_modules/express/lib/router/layer.js:71:5)
    at trim_prefix (/var/www/html/RPG-Character-Creator/node_modules/express/lib/router/index.js:315:13)
    at /var/www/html/RPG-Character-Creator/node_modules/express/lib/router/index.js:284:7
    at Function.process_params (/var/www/html/RPG-Character-Creator/node_modules/express/lib/router/index.js:335:12)
[0mGET /images.json [36m304 [0m2.873 ms - -[0m
[0mGET /images/ [31m500 [0m6.762 ms - 2064[0m
[0mGET /characters [36m304 [0m10.233 ms - -[0m
Error: Failed to lookup view "error" in views directory "/var/www/html/RPG-Character-Creator/views"
    at EventEmitter.render (/var/www/html/RPG-Character-Creator/node_modules/express/lib/application.js:580:17)
    at ServerResponse.render (/var/www/html/RPG-Character-Creator/node_modules/express/lib/response.js:1008:7)
    at /var/www/html/RPG-Character-Creator/app.js:55:9
    at Layer.handle_error (/var/www/html/RPG-Character-Creator/node_modules/express/lib/router/layer.js:71:5)
    at trim_prefix (/var/www/html/RPG-Character-Creator/node_modules/express/lib/router/index.js:315:13)
    at /var/www/html/RPG-Character-Creator/node_modules/express/lib/router/index.js:284:7
    at Function.process_params (/var/www/html/RPG-Character-Creator/node_modules/express/lib/router/index.js:335:12)
    at IncomingMessage.next (/var/www/html/RPG-Character-Creator/node_modules/express/lib/router/index.js:275:10)
    at done (/var/www/html/RPG-Character-Creator/node_modules/express/lib/response.js:1003:25)
    at EventEmitter.render (/var/www/html/RPG-Character-Creator/node_modules/express/lib/application.js:582:14)
    at ServerResponse.render (/var/www/html/RPG-Character-Creator/node_modules/express/lib/response.js:1008:7)
    at /var/www/html/RPG-Character-Creator/app.js:44:13
    at Layer.handle_error (/var/www/html/RPG-Character-Creator/node_modules/express/lib/router/layer.js:71:5)
    at trim_prefix (/var/www/html/RPG-Character-Creator/node_modules/express/lib/router/index.js:315:13)
    at /var/www/html/RPG-Character-Creator/node_modules/express/lib/router/index.js:284:7
    at Function.process_params (/var/www/html/RPG-Character-Creator/node_modules/express/lib/router/index.js:335:12)
[ { def: 50,
    att: 50,
    hp: 50,
    mag: 50,
    ranged: 50,
    _id: 5bef2f4c46c9760f5c7a1e17,
    stats: 0,
    characterName: 'Dev',
    characterImage: '012-devil.png',
    __v: 0 } ]
[0mGET /getcharacter?name=Dev [32m200 [0m11.837 ms - 156[0m
[0mGET /images/012-devil.png [36m304 [0m3.145 ms - -[0m
[0mGET / [36m304 [0m0.663 ms - -[0m
[0mGET /stylesheets/style.css [36m304 [0m0.661 ms - -[0m
[0mGET /javascripts/app.js [36m304 [0m0.202 ms - -[0m
[0mGET /images.json [36m304 [0m0.838 ms - -[0m
[0mGET /cardDirective.html [36m304 [0m0.802 ms - -[0m
[]
[0mGET /getcharacter?name= [36m304 [0m6.007 ms - -[0m
[0mGET /characters [36m304 [0m2.794 ms - -[0m
[0mGET /images/012-devil.png [36m304 [0m0.397 ms - -[0m
[0mGET / [32m200 [0m1.795 ms - 1582[0m
[0mGET /javascripts/app.js [36m304 [0m0.952 ms - -[0m
[0mGET /stylesheets/style.css [36m304 [0m1.131 ms - -[0m
[0mGET /cardDirective.html [36m304 [0m0.691 ms - -[0m
[0mGET /images.json [36m304 [0m0.998 ms - -[0m
[0mGET /characters [36m304 [0m4.634 ms - -[0m
[]
[0mGET /getcharacter?name= [36m304 [0m4.588 ms - -[0m
[0mGET /images/012-devil.png [36m304 [0m0.316 ms - -[0m
[0mGET /favicon.ico [32m200 [0m1.180 ms - 1150[0m
(node:15971) DeprecationWarning: collection.remove is deprecated. Use deleteOne, deleteMany, or bulkWrite instead.
[0mDELETE /characters [32m200 [0m4.789 ms - 21[0m
[0mGET /characters [32m200 [0m1.917 ms - 2[0m
[0mGET / [32m200 [0m19.704 ms - 1590[0m
[0mGET /stylesheets/style.css [36m304 [0m1.128 ms - -[0m
[0mGET /javascripts/app.js [36m304 [0m1.213 ms - -[0m
[0mGET /images.json [36m304 [0m0.370 ms - -[0m
[0mGET /cardDirective.html [36m304 [0m0.184 ms - -[0m
[]
[0mGET /getcharacter?name= [36m304 [0m3.065 ms - -[0m
[0mGET /characters [36m304 [0m1.976 ms - -[0m
[0mGET /favicon.ico [32m200 [0m0.729 ms - 1150[0m
[0mGET /pickCharacter [36m304 [0m0.833 ms - -[0m
[0mGET /stylesheets/style.css [36m304 [0m0.360 ms - -[0m
[0mGET /javascripts/app.js [36m304 [0m0.232 ms - -[0m
[0mGET /images/%7B%7Bcharacter.imagePath%7D%7D [31m500 [0m1.086 ms - 2064[0m
Error: Failed to lookup view "error" in views directory "/var/www/html/RPG-Character-Creator/views"
    at EventEmitter.render (/var/www/html/RPG-Character-Creator/node_modules/express/lib/application.js:580:17)
    at ServerResponse.render (/var/www/html/RPG-Character-Creator/node_modules/express/lib/response.js:1008:7)
    at /var/www/html/RPG-Character-Creator/app.js:55:9
    at Layer.handle_error (/var/www/html/RPG-Character-Creator/node_modules/express/lib/router/layer.js:71:5)
    at trim_prefix (/var/www/html/RPG-Character-Creator/node_modules/express/lib/router/index.js:315:13)
    at /var/www/html/RPG-Character-Creator/node_modules/express/lib/router/index.js:284:7
    at Function.process_params (/var/www/html/RPG-Character-Creator/node_modules/express/lib/router/index.js:335:12)
    at IncomingMessage.next (/var/www/html/RPG-Character-Creator/node_modules/express/lib/router/index.js:275:10)
    at done (/var/www/html/RPG-Character-Creator/node_modules/express/lib/response.js:1003:25)
    at EventEmitter.render (/var/www/html/RPG-Character-Creator/node_modules/express/lib/application.js:582:14)
    at ServerResponse.render (/var/www/html/RPG-Character-Creator/node_modules/express/lib/response.js:1008:7)
    at /var/www/html/RPG-Character-Creator/app.js:44:13
    at Layer.handle_error (/var/www/html/RPG-Character-Creator/node_modules/express/lib/router/layer.js:71:5)
    at trim_prefix (/var/www/html/RPG-Character-Creator/node_modules/express/lib/router/index.js:315:13)
    at /var/www/html/RPG-Character-Creator/node_modules/express/lib/router/index.js:284:7
    at Function.process_params (/var/www/html/RPG-Character-Creator/node_modules/express/lib/router/index.js:335:12)
[0mGET /images.json [36m304 [0m1.399 ms - -[0m
[]
[0mGET /getcharacter?name= [36m304 [0m3.896 ms - -[0m
[0mGET /characters [36m304 [0m4.316 ms - -[0m
[0mGET /images/002-kraken.png [36m304 [0m0.570 ms - -[0m
[0mGET /images/004-tree-1.png [36m304 [0m0.751 ms - -[0m
[0mGET /images/001-centaur.png [36m304 [0m1.426 ms - -[0m
[0mGET /images/003-dinosaur.png [36m304 [0m0.391 ms - -[0m
[0mGET /images/048-ghost.png [36m304 [0m0.807 ms - -[0m
[0mGET /images/008-mushroom.png [36m304 [0m0.194 ms - -[0m
[0mGET /images/045-fairy.png [36m304 [0m0.210 ms - -[0m
[0mGET /images/011-dragon-1.png [36m304 [0m0.213 ms - -[0m
[0mGET /images/026-cerberus.png [36m304 [0m0.479 ms - -[0m
[0mGET /images/010-phoenix.png [36m304 [0m0.384 ms - -[0m
[0mGET /images/018-karakasakozou.png [36m304 [0m0.280 ms - -[0m
[0mGET /images/044-witch.png [36m304 [0m0.603 ms - -[0m
[0mGET /images/020-werewolf.png [36m304 [0m0.656 ms - -[0m
[0mGET /images/013-troll.png [36m304 [0m0.652 ms - -[0m
[0mGET /images/034-chimera.png [36m304 [0m0.211 ms - -[0m
[0mGET /images/009-harpy.png [36m304 [0m1.541 ms - -[0m
[0mGET /images/041-zombie.png [36m304 [0m0.213 ms - -[0m
[0mGET /images/040-woodcutter.png [36m304 [0m0.191 ms - -[0m
[0mGET /images/012-devil.png [36m304 [0m0.423 ms - -[0m
[0mGET /images/035-elf.png [36m304 [0m0.413 ms - -[0m
[0mGET /images/015-minotaur.png [36m304 [0m0.189 ms - -[0m
[0mGET /images/043-frankenstein.png [36m304 [0m0.185 ms - -[0m
[0mGET /images/021-scarecrow.png [36m304 [0m0.220 ms - -[0m
[0mGET /images/047-pinocchio.png [36m304 [0m0.201 ms - -[0m
[0mGET /images/033-medusa.png [36m304 [0m0.194 ms - -[0m
[0mGET /images/007-robot.png [36m304 [0m0.186 ms - -[0m
[0mGET /images/038-pegasus.png [36m304 [0m0.202 ms - -[0m
[0mGET /images/050-unicorn.png [36m304 [0m0.916 ms - -[0m
[0mGET /images/032-leprechaun.png [36m304 [0m0.440 ms - -[0m
[0mGET /images/042-dragon.png [36m304 [0m0.570 ms - -[0m
[0mGET /images/025-tree.png [36m304 [0m0.485 ms - -[0m
[0mGET /images/028-mermaid.png [36m304 [0m0.180 ms - -[0m
[0mGET /images/019-pirate.png [36m304 [0m0.841 ms - -[0m
[0mGET /images/023-curupira.png [36m304 [0m0.214 ms - -[0m
[0mGET /images/031-yeti.png [36m304 [0m0.449 ms - -[0m
[0mGET /images/016-madre-monte.png [36m304 [0m0.559 ms - -[0m
[0mGET /images/029-vampire.png [36m304 [0m1.270 ms - -[0m
[0mGET /images/037-cyclops.png [36m304 [0m0.185 ms - -[0m
[0mGET /images/027-gryphon.png [36m304 [0m0.186 ms - -[0m
[0mGET /images/017-satyr.png [36m304 [0m0.178 ms - -[0m
[0mGET /images/049-wizard.png [36m304 [0m0.396 ms - -[0m
[0mGET /images/024-loch-ness-monster.png [36m304 [0m0.498 ms - -[0m
[0mGET /images/036-hydra.png [36m304 [0m0.187 ms - -[0m
[0mGET /images/030-goblin.png [36m304 [0m0.181 ms - -[0m
[0mGET /images/039-narwhal.png [36m304 [0m0.198 ms - -[0m
[0mGET /images/046-genie.png [36m304 [0m0.179 ms - -[0m
[0mGET /images/014-alien.png [36m304 [0m0.199 ms - -[0m
[0mGET /images/022-valkyrie.png [36m304 [0m0.191 ms - -[0m
[0mGET /images/005-hand.png [36m304 [0m0.189 ms - -[0m
[0mGET /images/006-echidna.png [36m304 [0m0.179 ms - -[0m
[0mGET /create?image=012-devil.png [36m304 [0m3.556 ms - -[0m
[0mGET /javascripts/app.js [36m304 [0m0.303 ms - -[0m
[0mGET /stylesheets/style.css [36m304 [0m0.191 ms - -[0m
[0mGET /images/%7B%7BselectedChar%7D%7D [31m500 [0m1.647 ms - 2064[0m
Error: Failed to lookup view "error" in views directory "/var/www/html/RPG-Character-Creator/views"
    at EventEmitter.render (/var/www/html/RPG-Character-Creator/node_modules/express/lib/application.js:580:17)
    at ServerResponse.render (/var/www/html/RPG-Character-Creator/node_modules/express/lib/response.js:1008:7)
    at /var/www/html/RPG-Character-Creator/app.js:55:9
    at Layer.handle_error (/var/www/html/RPG-Character-Creator/node_modules/express/lib/router/layer.js:71:5)
    at trim_prefix (/var/www/html/RPG-Character-Creator/node_modules/express/lib/router/index.js:315:13)
    at /var/www/html/RPG-Character-Creator/node_modules/express/lib/router/index.js:284:7
    at Function.process_params (/var/www/html/RPG-Character-Creator/node_modules/express/lib/router/index.js:335:12)
    at IncomingMessage.next (/var/www/html/RPG-Character-Creator/node_modules/express/lib/router/index.js:275:10)
    at done (/var/www/html/RPG-Character-Creator/node_modules/express/lib/response.js:1003:25)
    at EventEmitter.render (/var/www/html/RPG-Character-Creator/node_modules/express/lib/application.js:582:14)
    at ServerResponse.render (/var/www/html/RPG-Character-Creator/node_modules/express/lib/response.js:1008:7)
    at /var/www/html/RPG-Character-Creator/app.js:44:13
    at Layer.handle_error (/var/www/html/RPG-Character-Creator/node_modules/express/lib/router/layer.js:71:5)
    at trim_prefix (/var/www/html/RPG-Character-Creator/node_modules/express/lib/router/index.js:315:13)
    at /var/www/html/RPG-Character-Creator/node_modules/express/lib/router/index.js:284:7
    at Function.process_params (/var/www/html/RPG-Character-Creator/node_modules/express/lib/router/index.js:335:12)
[0mGET /images.json [36m304 [0m0.294 ms - -[0m
[0mGET /characters [36m304 [0m1.261 ms - -[0m
[]
[0mGET /getcharacter?name==012-devil.png [32m200 [0m2.202 ms - 2[0m
[0mGET /images/012-devil.png [36m304 [0m0.188 ms - -[0m
[0mPOST /characters [32m200 [0m27.018 ms - 1590[0m
[0mGET / [36m304 [0m0.379 ms - -[0m
[0mGET /javascripts/app.js [36m304 [0m0.327 ms - -[0m
[0mGET /stylesheets/style.css [36m304 [0m2.081 ms - -[0m
[0mGET /cardDirective.html [36m304 [0m0.511 ms - -[0m
[0mGET /characters [32m200 [0m3.152 ms - 249[0m
[0mGET /images.json [36m304 [0m0.313 ms - -[0m
[]
[0mGET /getcharacter?name= [36m304 [0m1.428 ms - -[0m
[0mGET /images/012-devil.png [36m304 [0m0.643 ms - -[0m
[0mGET /character?name=Dev [36m304 [0m2.035 ms - -[0m
[0mGET /javascripts/app.js [36m304 [0m0.291 ms - -[0m
[0mGET /stylesheets/style.css [36m304 [0m1.582 ms - -[0m
[0mGET /images/%7B%7Bcharacter.characterImage%7D%7D [31m500 [0m2.678 ms - 2064[0m
Error: Failed to lookup view "error" in views directory "/var/www/html/RPG-Character-Creator/views"
    at EventEmitter.render (/var/www/html/RPG-Character-Creator/node_modules/express/lib/application.js:580:17)
    at ServerResponse.render (/var/www/html/RPG-Character-Creator/node_modules/express/lib/response.js:1008:7)
    at /var/www/html/RPG-Character-Creator/app.js:55:9
    at Layer.handle_error (/var/www/html/RPG-Character-Creator/node_modules/express/lib/router/layer.js:71:5)
    at trim_prefix (/var/www/html/RPG-Character-Creator/node_modules/express/lib/router/index.js:315:13)
    at /var/www/html/RPG-Character-Creator/node_modules/express/lib/router/index.js:284:7
    at Function.process_params (/var/www/html/RPG-Character-Creator/node_modules/express/lib/router/index.js:335:12)
    at IncomingMessage.next (/var/www/html/RPG-Character-Creator/node_modules/express/lib/router/index.js:275:10)
    at done (/var/www/html/RPG-Character-Creator/node_modules/express/lib/response.js:1003:25)
    at EventEmitter.render (/var/www/html/RPG-Character-Creator/node_modules/express/lib/application.js:582:14)
    at ServerResponse.render (/var/www/html/RPG-Character-Creator/node_modules/express/lib/response.js:1008:7)
    at /var/www/html/RPG-Character-Creator/app.js:44:13
    at Layer.handle_error (/var/www/html/RPG-Character-Creator/node_modules/express/lib/router/layer.js:71:5)
    at trim_prefix (/var/www/html/RPG-Character-Creator/node_modules/express/lib/router/index.js:315:13)
    at /var/www/html/RPG-Character-Creator/node_modules/express/lib/router/index.js:284:7
    at Function.process_params (/var/www/html/RPG-Character-Creator/node_modules/express/lib/router/index.js:335:12)
[0mGET /images.json [36m304 [0m4.137 ms - -[0m
[0mGET /images/ [31m500 [0m3.751 ms - 2064[0m
[0mGET /characters [36m304 [0m7.820 ms - -[0m
[ { def: 50,
    att: 50,
    hp: 50,
    mag: 50,
    ranged: 50,
    _id: 5bef2fd506df8c3e63f87978,
    characterName: 'Dev',
    characterImage: '012-devil.png',
    characterTagline: 'I like makin\' people suffer!',
    characterType: 'Assassin',
    weakness: 'Good Choices',
    __v: 0 } ]
[0mGET /getcharacter?name=Dev [32m200 [0m6.136 ms - 249[0m
Error: Failed to lookup view "error" in views directory "/var/www/html/RPG-Character-Creator/views"
    at EventEmitter.render (/var/www/html/RPG-Character-Creator/node_modules/express/lib/application.js:580:17)
    at ServerResponse.render (/var/www/html/RPG-Character-Creator/node_modules/express/lib/response.js:1008:7)
    at /var/www/html/RPG-Character-Creator/app.js:55:9
    at Layer.handle_error (/var/www/html/RPG-Character-Creator/node_modules/express/lib/router/layer.js:71:5)
    at trim_prefix (/var/www/html/RPG-Character-Creator/node_modules/express/lib/router/index.js:315:13)
    at /var/www/html/RPG-Character-Creator/node_modules/express/lib/router/index.js:284:7
    at Function.process_params (/var/www/html/RPG-Character-Creator/node_modules/express/lib/router/index.js:335:12)
    at IncomingMessage.next (/var/www/html/RPG-Character-Creator/node_modules/express/lib/router/index.js:275:10)
    at done (/var/www/html/RPG-Character-Creator/node_modules/express/lib/response.js:1003:25)
    at EventEmitter.render (/var/www/html/RPG-Character-Creator/node_modules/express/lib/application.js:582:14)
    at ServerResponse.render (/var/www/html/RPG-Character-Creator/node_modules/express/lib/response.js:1008:7)
    at /var/www/html/RPG-Character-Creator/app.js:44:13
    at Layer.handle_error (/var/www/html/RPG-Character-Creator/node_modules/express/lib/router/layer.js:71:5)
    at trim_prefix (/var/www/html/RPG-Character-Creator/node_modules/express/lib/router/index.js:315:13)
    at /var/www/html/RPG-Character-Creator/node_modules/express/lib/router/index.js:284:7
    at Function.process_params (/var/www/html/RPG-Character-Creator/node_modules/express/lib/router/index.js:335:12)
[0mGET /images/012-devil.png [36m304 [0m0.779 ms - -[0m
[0mGET / [36m304 [0m1.116 ms - -[0m
[0mGET /javascripts/app.js [36m304 [0m0.495 ms - -[0m
[0mGET /stylesheets/style.css [36m304 [0m0.497 ms - -[0m
[0mGET /cardDirective.html [36m304 [0m2.146 ms - -[0m
[0mGET /images.json [36m304 [0m2.416 ms - -[0m
[0mGET /characters [36m304 [0m5.451 ms - -[0m
[]
[0mGET /getcharacter?name= [36m304 [0m7.071 ms - -[0m
[0mGET /images/012-devil.png [36m304 [0m0.299 ms - -[0m
